<?xml version="1.0" encoding="UTF-8"?>
<!-- Generated by org.testng.reporters.JUnitReportReporter -->
<testsuite hostname="Ameri-LT606" name="com.automation.PolicyCenter.Page.DataSetUp" tests="1" failures="0" timestamp="24 Jan 2020 11:51:13 GMT" time="0.482" errors="0">
  <testcase name="addHQUser" time="0.482" classname="com.automation.PolicyCenter.Page.DataSetUp"/>
</testsuite> <!-- com.automation.PolicyCenter.Page.DataSetUp -->
